# JRE version: Java(TM) SE Runtime Environment (7.0_65-b19) (build 1.7.0_65-b19)
# Java VM: Java HotSpot(TM) 64-Bit Server VM (24.65-b04 mixed mode windows-amd64 compressed oops)
Heap
 par new generation   total 306688K, used 214344K [0x00000000bae00000, 0x00000000cfac0000, 0x00000000cfac0000)
  eden space 272640K,  73% used [0x00000000bae00000, 0x00000000c722dca8, 0x00000000cb840000)
  from space 34048K,  39% used [0x00000000cd980000, 0x00000000ce6a45a0, 0x00000000cfac0000)
  to   space 34048K,   0% used [0x00000000cb840000, 0x00000000cb840000, 0x00000000cd980000)
 concurrent mark-sweep generation total 707840K, used 215198K [0x00000000cfac0000, 0x00000000fae00000, 0x00000000fae00000)
 concurrent-mark-sweep perm gen total 60128K, used 36037K [0x00000000fae00000, 0x00000000fe8b8000, 0x0000000100000000)
GC Heap History (10 events):
Event: 133.210 GC heap before
{Heap before GC invocations=20 (full 14):
 par new generation   total 306688K, used 294973K [0x00000000bae00000, 0x00000000cfac0000, 0x00000000cfac0000)
  eden space 272640K,  99% used [0x00000000bae00000, 0x00000000cb7bdaf8, 0x00000000cb840000)
  from space 34048K,  67% used [0x00000000cb840000, 0x00000000cce91d00, 0x00000000cd980000)
  to   space 34048K,   0% used [0x00000000cd980000, 0x00000000cd980000, 0x00000000cfac0000)
 concurrent mark-sweep generation total 707840K, used 210814K [0x00000000cfac0000, 0x00000000fae00000, 0x00000000fae00000)
 concurrent-mark-sweep perm gen total 59936K, used 35973K [0x00000000fae00000, 0x00000000fe888000, 0x0000000100000000)
Event: 133.218 GC heap after
Heap after GC invocations=21 (full 14):
 par new generation   total 306688K, used 20230K [0x00000000bae00000, 0x00000000cfac0000, 0x00000000cfac0000)
  eden space 272640K,   0% used [0x00000000bae00000, 0x00000000bae00000, 0x00000000cb840000)
  from space 34048K,  59% used [0x00000000cd980000, 0x00000000ced41b78, 0x00000000cfac0000)
  to   space 34048K,   0% used [0x00000000cb840000, 0x00000000cb840000, 0x00000000cd980000)
 concurrent mark-sweep generation total 707840K, used 210814K [0x00000000cfac0000, 0x00000000fae00000, 0x00000000fae00000)
 concurrent-mark-sweep perm gen total 59936K, used 35973K [0x00000000fae00000, 0x00000000fe888000, 0x0000000100000000)
}
Event: 143.573 GC heap before
{Heap before GC invocations=21 (full 15):
 par new generation   total 306688K, used 292870K [0x00000000bae00000, 0x00000000cfac0000, 0x00000000cfac0000)
  eden space 272640K, 100% used [0x00000000bae00000, 0x00000000cb840000, 0x00000000cb840000)
  from space 34048K,  59% used [0x00000000cd980000, 0x00000000ced41b78, 0x00000000cfac0000)
  to   space 34048K,   0% used [0x00000000cb840000, 0x00000000cb840000, 0x00000000cd980000)
 concurrent mark-sweep generation total 707840K, used 210814K [0x00000000cfac0000, 0x00000000fae00000, 0x00000000fae00000)
 concurrent-mark-sweep perm gen total 59936K, used 36003K [0x00000000fae00000, 0x00000000fe888000, 0x0000000100000000)
Event: 143.584 GC heap after
Heap after GC invocations=22 (full 15):
 par new generation   total 306688K, used 20724K [0x00000000bae00000, 0x00000000cfac0000, 0x00000000cfac0000)
  eden space 272640K,   0% used [0x00000000bae00000, 0x00000000bae00000, 0x00000000cb840000)
  from space 34048K,  60% used [0x00000000cb840000, 0x00000000ccc7d298, 0x00000000cd980000)
  to   space 34048K,   0% used [0x00000000cd980000, 0x00000000cd980000, 0x00000000cfac0000)
 concurrent mark-sweep generation total 707840K, used 210814K [0x00000000cfac0000, 0x00000000fae00000, 0x00000000fae00000)
 concurrent-mark-sweep perm gen total 59936K, used 36003K [0x00000000fae00000, 0x00000000fe888000, 0x0000000100000000)
}
Event: 154.784 GC heap before
{Heap before GC invocations=22 (full 15):
 par new generation   total 306688K, used 293364K [0x00000000bae00000, 0x00000000cfac0000, 0x00000000cfac0000)
  eden space 272640K, 100% used [0x00000000bae00000, 0x00000000cb840000, 0x00000000cb840000)
  from space 34048K,  60% used [0x00000000cb840000, 0x00000000ccc7d298, 0x00000000cd980000)
  to   space 34048K,   0% used [0x00000000cd980000, 0x00000000cd980000, 0x00000000cfac0000)
 concurrent mark-sweep generation total 707840K, used 209474K [0x00000000cfac0000, 0x00000000fae00000, 0x00000000fae00000)
 concurrent-mark-sweep perm gen total 60128K, used 36009K [0x00000000fae00000, 0x00000000fe8b8000, 0x0000000100000000)
Event: 154.792 GC heap after
Heap after GC invocations=23 (full 15):
 par new generation   total 306688K, used 20297K [0x00000000bae00000, 0x00000000cfac0000, 0x00000000cfac0000)
  eden space 272640K,   0% used [0x00000000bae00000, 0x00000000bae00000, 0x00000000cb840000)
  from space 34048K,  59% used [0x00000000cd980000, 0x00000000ced526f8, 0x00000000cfac0000)
  to   space 34048K,   0% used [0x00000000cb840000, 0x00000000cb840000, 0x00000000cd980000)
 concurrent mark-sweep generation total 707840K, used 209474K [0x00000000cfac0000, 0x00000000fae00000, 0x00000000fae00000)
 concurrent-mark-sweep perm gen total 60128K, used 36009K [0x00000000fae00000, 0x00000000fe8b8000, 0x0000000100000000)
}
Event: 166.328 GC heap before
{Heap before GC invocations=23 (full 15):
 par new generation   total 306688K, used 292937K [0x00000000bae00000, 0x00000000cfac0000, 0x00000000cfac0000)
  eden space 272640K, 100% used [0x00000000bae00000, 0x00000000cb840000, 0x00000000cb840000)
  from space 34048K,  59% used [0x00000000cd980000, 0x00000000ced526f8, 0x00000000cfac0000)
  to   space 34048K,   0% used [0x00000000cb840000, 0x00000000cb840000, 0x00000000cd980000)
 concurrent mark-sweep generation total 707840K, used 209474K [0x00000000cfac0000, 0x00000000fae00000, 0x00000000fae00000)
 concurrent-mark-sweep perm gen total 60128K, used 36022K [0x00000000fae00000, 0x00000000fe8b8000, 0x0000000100000000)
Event: 166.337 GC heap after
Heap after GC invocations=24 (full 15):
 par new generation   total 306688K, used 21395K [0x00000000bae00000, 0x00000000cfac0000, 0x00000000cfac0000)
  eden space 272640K,   0% used [0x00000000bae00000, 0x00000000bae00000, 0x00000000cb840000)
  from space 34048K,  62% used [0x00000000cb840000, 0x00000000ccd24e70, 0x00000000cd980000)
  to   space 34048K,   0% used [0x00000000cd980000, 0x00000000cd980000, 0x00000000cfac0000)
 concurrent mark-sweep generation total 707840K, used 212776K [0x00000000cfac0000, 0x00000000fae00000, 0x00000000fae00000)
 concurrent-mark-sweep perm gen total 60128K, used 36022K [0x00000000fae00000, 0x00000000fe8b8000, 0x0000000100000000)
}
Event: 177.649 GC heap before
{Heap before GC invocations=24 (full 15):
 par new generation   total 306688K, used 294035K [0x00000000bae00000, 0x00000000cfac0000, 0x00000000cfac0000)
  eden space 272640K, 100% used [0x00000000bae00000, 0x00000000cb840000, 0x00000000cb840000)
  from space 34048K,  62% used [0x00000000cb840000, 0x00000000ccd24e70, 0x00000000cd980000)
  to   space 34048K,   0% used [0x00000000cd980000, 0x00000000cd980000, 0x00000000cfac0000)
 concurrent mark-sweep generation total 707840K, used 212776K [0x00000000cfac0000, 0x00000000fae00000, 0x00000000fae00000)
 concurrent-mark-sweep perm gen total 60128K, used 36031K [0x00000000fae00000, 0x00000000fe8b8000, 0x0000000100000000)
Event: 177.657 GC heap after
Heap after GC invocations=25 (full 15):
 par new generation   total 306688K, used 13457K [0x00000000bae00000, 0x00000000cfac0000, 0x00000000cfac0000)
  eden space 272640K,   0% used [0x00000000bae00000, 0x00000000bae00000, 0x00000000cb840000)
  from space 34048K,  39% used [0x00000000cd980000, 0x00000000ce6a45a0, 0x00000000cfac0000)
  to   space 34048K,   0% used [0x00000000cb840000, 0x00000000cb840000, 0x00000000cd980000)
 concurrent mark-sweep generation total 707840K, used 215198K [0x00000000cfac0000, 0x00000000fae00000, 0x00000000fae00000)
 concurrent-mark-sweep perm gen total 60128K, used 36031K [0x00000000fae00000, 0x00000000fe8b8000, 0x0000000100000000)
}

